[[34m2024-06-25 17:21:44[0;39m [32mINFO [0;39mrestartedMain] [[33mcom.green.fefu.FefuApplication[0;39m] [[35mStarting FefuApplication using Java 17.0.10 with PID 1320 (D:\Students\BCH\backEnd\fefu\build\classes\java\main started by Administrator in D:\Students\BCH\backEnd\fefu)[0;39m]
[[34m2024-06-25 17:21:44[0;39m [32mINFO [0;39mrestartedMain] [[33mcom.green.fefu.FefuApplication[0;39m] [[35mNo active profile set, falling back to 1 default profile: "default"[0;39m]
[[34m2024-06-25 17:21:44[0;39m [32mINFO [0;39mrestartedMain] [[33morg.springframework.boot.devtools.env.DevToolsPropertyDefaultsPostProcessor[0;39m] [[35mDevtools property defaults active! Set 'spring.devtools.add-properties' to 'false' to disable[0;39m]
[[34m2024-06-25 17:21:44[0;39m [32mINFO [0;39mrestartedMain] [[33morg.springframework.boot.devtools.env.DevToolsPropertyDefaultsPostProcessor[0;39m] [[35mFor additional web related logging consider setting the 'logging.level.web' property to 'DEBUG'[0;39m]
[[34m2024-06-25 17:21:45[0;39m [32mINFO [0;39mrestartedMain] [[33morg.springframework.boot.web.embedded.tomcat.TomcatWebServer[0;39m] [[35mTomcat initialized with port 8080 (http)[0;39m]
[[34m2024-06-25 17:21:45[0;39m [32mINFO [0;39mrestartedMain] [[33morg.apache.coyote.http11.Http11NioProtocol[0;39m] [[35mInitializing ProtocolHandler ["http-nio-8080"][0;39m]
[[34m2024-06-25 17:21:45[0;39m [32mINFO [0;39mrestartedMain] [[33morg.apache.catalina.core.StandardService[0;39m] [[35mStarting service [Tomcat][0;39m]
[[34m2024-06-25 17:21:45[0;39m [32mINFO [0;39mrestartedMain] [[33morg.apache.catalina.core.StandardEngine[0;39m] [[35mStarting Servlet engine: [Apache Tomcat/10.1.25][0;39m]
[[34m2024-06-25 17:21:45[0;39m [32mINFO [0;39mrestartedMain] [[33morg.apache.catalina.core.ContainerBase.[Tomcat].[localhost].[/][0;39m] [[35mInitializing Spring embedded WebApplicationContext[0;39m]
[[34m2024-06-25 17:21:45[0;39m [32mINFO [0;39mrestartedMain] [[33morg.springframework.boot.web.servlet.context.ServletWebServerApplicationContext[0;39m] [[35mRoot WebApplicationContext: initialization completed in 1028 ms[0;39m]
[[34m2024-06-25 17:21:45[0;39m [31mERROR[0;39mrestartedMain] [[33morg.springframework.boot.web.embedded.tomcat.TomcatStarter[0;39m] [[35mError starting Tomcat context. Exception: org.springframework.beans.factory.UnsatisfiedDependencyException. Message: Error creating bean with name 'jwtAuthenticationFilter' defined in file [D:\Students\BCH\backEnd\fefu\build\classes\java\main\com\green\fefu\security\JwtAuthenticationFilter.class]: Unsatisfied dependency expressed through constructor parameter 0: Error creating bean with name 'jwtTokenProviderV2' defined in file [D:\Students\BCH\backEnd\fefu\build\classes\java\main\com\green\fefu\security\JwtTokenProviderV2.class]: Failed to instantiate [com.green.fefu.security.JwtTokenProviderV2]: Constructor threw exception[0;39m]
[[34m2024-06-25 17:21:45[0;39m [32mINFO [0;39mrestartedMain] [[33morg.apache.catalina.core.StandardService[0;39m] [[35mStopping service [Tomcat][0;39m]
[[34m2024-06-25 17:21:45[0;39m [33mWARN [0;39mrestartedMain] [[33morg.springframework.boot.web.servlet.context.AnnotationConfigServletWebServerApplicationContext[0;39m] [[35mException encountered during context initialization - cancelling refresh attempt: org.springframework.context.ApplicationContextException: Unable to start web server[0;39m]
[[34m2024-06-25 17:21:45[0;39m [32mINFO [0;39mrestartedMain] [[33morg.springframework.boot.autoconfigure.logging.ConditionEvaluationReportLogger[0;39m] [[35m

Error starting ApplicationContext. To display the condition evaluation report re-run your application with 'debug' enabled.[0;39m]
[[34m2024-06-25 17:21:45[0;39m [31mERROR[0;39mrestartedMain] [[33morg.springframework.boot.SpringApplication[0;39m] [[35mApplication run failed[0;39m]
org.springframework.context.ApplicationContextException: Unable to start web server
	at org.springframework.boot.web.servlet.context.ServletWebServerApplicationContext.onRefresh(ServletWebServerApplicationContext.java:165)
	at org.springframework.context.support.AbstractApplicationContext.refresh(AbstractApplicationContext.java:618)
	at org.springframework.boot.web.servlet.context.ServletWebServerApplicationContext.refresh(ServletWebServerApplicationContext.java:146)
	at org.springframework.boot.SpringApplication.refresh(SpringApplication.java:754)
	at org.springframework.boot.SpringApplication.refreshContext(SpringApplication.java:456)
	at org.springframework.boot.SpringApplication.run(SpringApplication.java:335)
	at org.springframework.boot.SpringApplication.run(SpringApplication.java:1363)
	at org.springframework.boot.SpringApplication.run(SpringApplication.java:1352)
	at com.green.fefu.FefuApplication.main(FefuApplication.java:12)
	at java.base/jdk.internal.reflect.NativeMethodAccessorImpl.invoke0(Native Method)
	at java.base/jdk.internal.reflect.NativeMethodAccessorImpl.invoke(NativeMethodAccessorImpl.java:77)
	at java.base/jdk.internal.reflect.DelegatingMethodAccessorImpl.invoke(DelegatingMethodAccessorImpl.java:43)
	at java.base/java.lang.reflect.Method.invoke(Method.java:568)
	at org.springframework.boot.devtools.restart.RestartLauncher.run(RestartLauncher.java:50)
Caused by: org.springframework.boot.web.server.WebServerException: Unable to start embedded Tomcat
	at org.springframework.boot.web.embedded.tomcat.TomcatWebServer.initialize(TomcatWebServer.java:147)
	at org.springframework.boot.web.embedded.tomcat.TomcatWebServer.<init>(TomcatWebServer.java:107)
	at org.springframework.boot.web.embedded.tomcat.TomcatServletWebServerFactory.getTomcatWebServer(TomcatServletWebServerFactory.java:516)
	at org.springframework.boot.web.embedded.tomcat.TomcatServletWebServerFactory.getWebServer(TomcatServletWebServerFactory.java:222)
	at org.springframework.boot.web.servlet.context.ServletWebServerApplicationContext.createWebServer(ServletWebServerApplicationContext.java:188)
	at org.springframework.boot.web.servlet.context.ServletWebServerApplicationContext.onRefresh(ServletWebServerApplicationContext.java:162)
	... 13 common frames omitted
Caused by: org.springframework.beans.factory.UnsatisfiedDependencyException: Error creating bean with name 'jwtAuthenticationFilter' defined in file [D:\Students\BCH\backEnd\fefu\build\classes\java\main\com\green\fefu\security\JwtAuthenticationFilter.class]: Unsatisfied dependency expressed through constructor parameter 0: Error creating bean with name 'jwtTokenProviderV2' defined in file [D:\Students\BCH\backEnd\fefu\build\classes\java\main\com\green\fefu\security\JwtTokenProviderV2.class]: Failed to instantiate [com.green.fefu.security.JwtTokenProviderV2]: Constructor threw exception
	at org.springframework.beans.factory.support.ConstructorResolver.createArgumentArray(ConstructorResolver.java:795)
	at org.springframework.beans.factory.support.ConstructorResolver.autowireConstructor(ConstructorResolver.java:237)
	at org.springframework.beans.factory.support.AbstractAutowireCapableBeanFactory.autowireConstructor(AbstractAutowireCapableBeanFactory.java:1357)
	at org.springframework.beans.factory.support.AbstractAutowireCapableBeanFactory.createBeanInstance(AbstractAutowireCapableBeanFactory.java:1194)
	at org.springframework.beans.factory.support.AbstractAutowireCapableBeanFactory.doCreateBean(AbstractAutowireCapableBeanFactory.java:562)
	at org.springframework.beans.factory.support.AbstractAutowireCapableBeanFactory.createBean(AbstractAutowireCapableBeanFactory.java:522)
	at org.springframework.beans.factory.support.AbstractBeanFactory.lambda$doGetBean$0(AbstractBeanFactory.java:337)
	at org.springframework.beans.factory.support.DefaultSingletonBeanRegistry.getSingleton(DefaultSingletonBeanRegistry.java:234)
	at org.springframework.beans.factory.support.AbstractBeanFactory.doGetBean(AbstractBeanFactory.java:335)
	at org.springframework.beans.factory.support.AbstractBeanFactory.getBean(AbstractBeanFactory.java:205)
	at org.springframework.boot.web.servlet.ServletContextInitializerBeans.getOrderedBeansOfType(ServletContextInitializerBeans.java:211)
	at org.springframework.boot.web.servlet.ServletContextInitializerBeans.addAsRegistrationBean(ServletContextInitializerBeans.java:174)
	at org.springframework.boot.web.servlet.ServletContextInitializerBeans.addAsRegistrationBean(ServletContextInitializerBeans.java:169)
	at org.springframework.boot.web.servlet.ServletContextInitializerBeans.addAdaptableBeans(ServletContextInitializerBeans.java:154)
	at org.springframework.boot.web.servlet.ServletContextInitializerBeans.<init>(ServletContextInitializerBeans.java:87)
	at org.springframework.boot.web.servlet.context.ServletWebServerApplicationContext.getServletContextInitializerBeans(ServletWebServerApplicationContext.java:266)
	at org.springframework.boot.web.servlet.context.ServletWebServerApplicationContext.selfInitialize(ServletWebServerApplicationContext.java:240)
	at org.springframework.boot.web.embedded.tomcat.TomcatStarter.onStartup(TomcatStarter.java:52)
	at org.apache.catalina.core.StandardContext.startInternal(StandardContext.java:4414)
	at org.apache.catalina.util.LifecycleBase.start(LifecycleBase.java:164)
	at org.apache.catalina.core.ContainerBase$StartChild.call(ContainerBase.java:1203)
	at org.apache.catalina.core.ContainerBase$StartChild.call(ContainerBase.java:1193)
	at java.base/java.util.concurrent.FutureTask.run(FutureTask.java:264)
	at org.apache.tomcat.util.threads.InlineExecutorService.execute(InlineExecutorService.java:75)
	at java.base/java.util.concurrent.AbstractExecutorService.submit(AbstractExecutorService.java:145)
	at org.apache.catalina.core.ContainerBase.startInternal(ContainerBase.java:749)
	at org.apache.catalina.core.StandardHost.startInternal(StandardHost.java:772)
	at org.apache.catalina.util.LifecycleBase.start(LifecycleBase.java:164)
	at org.apache.catalina.core.ContainerBase$StartChild.call(ContainerBase.java:1203)
	at org.apache.catalina.core.ContainerBase$StartChild.call(ContainerBase.java:1193)
	at java.base/java.util.concurrent.FutureTask.run(FutureTask.java:264)
	at org.apache.tomcat.util.threads.InlineExecutorService.execute(InlineExecutorService.java:75)
	at java.base/java.util.concurrent.AbstractExecutorService.submit(AbstractExecutorService.java:145)
	at org.apache.catalina.core.ContainerBase.startInternal(ContainerBase.java:749)
	at org.apache.catalina.core.StandardEngine.startInternal(StandardEngine.java:203)
	at org.apache.catalina.util.LifecycleBase.start(LifecycleBase.java:164)
	at org.apache.catalina.core.StandardService.startInternal(StandardService.java:415)
	at org.apache.catalina.util.LifecycleBase.start(LifecycleBase.java:164)
	at org.apache.catalina.core.StandardServer.startInternal(StandardServer.java:874)
	at org.apache.catalina.util.LifecycleBase.start(LifecycleBase.java:164)
	at org.apache.catalina.startup.Tomcat.start(Tomcat.java:437)
	at org.springframework.boot.web.embedded.tomcat.TomcatWebServer.initialize(TomcatWebServer.java:128)
	... 18 common frames omitted
Caused by: org.springframework.beans.factory.BeanCreationException: Error creating bean with name 'jwtTokenProviderV2' defined in file [D:\Students\BCH\backEnd\fefu\build\classes\java\main\com\green\fefu\security\JwtTokenProviderV2.class]: Failed to instantiate [com.green.fefu.security.JwtTokenProviderV2]: Constructor threw exception
	at org.springframework.beans.factory.support.ConstructorResolver.instantiate(ConstructorResolver.java:318)
	at org.springframework.beans.factory.support.ConstructorResolver.autowireConstructor(ConstructorResolver.java:306)
	at org.springframework.beans.factory.support.AbstractAutowireCapableBeanFactory.autowireConstructor(AbstractAutowireCapableBeanFactory.java:1357)
	at org.springframework.beans.factory.support.AbstractAutowireCapableBeanFactory.createBeanInstance(AbstractAutowireCapableBeanFactory.java:1194)
	at org.springframework.beans.factory.support.AbstractAutowireCapableBeanFactory.doCreateBean(AbstractAutowireCapableBeanFactory.java:562)
	at org.springframework.beans.factory.support.AbstractAutowireCapableBeanFactory.createBean(AbstractAutowireCapableBeanFactory.java:522)
	at org.springframework.beans.factory.support.AbstractBeanFactory.lambda$doGetBean$0(AbstractBeanFactory.java:337)
	at org.springframework.beans.factory.support.DefaultSingletonBeanRegistry.getSingleton(DefaultSingletonBeanRegistry.java:234)
	at org.springframework.beans.factory.support.AbstractBeanFactory.doGetBean(AbstractBeanFactory.java:335)
	at org.springframework.beans.factory.support.AbstractBeanFactory.getBean(AbstractBeanFactory.java:200)
	at org.springframework.beans.factory.config.DependencyDescriptor.resolveCandidate(DependencyDescriptor.java:254)
	at org.springframework.beans.factory.support.DefaultListableBeanFactory.doResolveDependency(DefaultListableBeanFactory.java:1443)
	at org.springframework.beans.factory.support.DefaultListableBeanFactory.resolveDependency(DefaultListableBeanFactory.java:1353)
	at org.springframework.beans.factory.support.ConstructorResolver.resolveAutowiredArgument(ConstructorResolver.java:904)
	at org.springframework.beans.factory.support.ConstructorResolver.createArgumentArray(ConstructorResolver.java:782)
	... 59 common frames omitted
Caused by: org.springframework.beans.BeanInstantiationException: Failed to instantiate [com.green.fefu.security.JwtTokenProviderV2]: Constructor threw exception
	at org.springframework.beans.BeanUtils.instantiateClass(BeanUtils.java:221)
	at org.springframework.beans.factory.support.SimpleInstantiationStrategy.instantiate(SimpleInstantiationStrategy.java:111)
	at org.springframework.beans.factory.support.ConstructorResolver.instantiate(ConstructorResolver.java:315)
	... 73 common frames omitted
Caused by: java.lang.ExceptionInInitializerError: null
	at com.green.fefu.security.JwtTokenProviderV2.<init>(JwtTokenProviderV2.java:30)
	at java.base/jdk.internal.reflect.NativeConstructorAccessorImpl.newInstance0(Native Method)
	at java.base/jdk.internal.reflect.NativeConstructorAccessorImpl.newInstance(NativeConstructorAccessorImpl.java:77)
	at java.base/jdk.internal.reflect.DelegatingConstructorAccessorImpl.newInstance(DelegatingConstructorAccessorImpl.java:45)
	at java.base/java.lang.reflect.Constructor.newInstanceWithCaller(Constructor.java:499)
	at java.base/java.lang.reflect.Constructor.newInstance(Constructor.java:480)
	at org.springframework.beans.BeanUtils.instantiateClass(BeanUtils.java:208)
	... 75 common frames omitted
Caused by: io.jsonwebtoken.lang.UnknownClassException: Unable to load class named [io.jsonwebtoken.impl.security.KeysBridge] from the thread context, current, or system/application ClassLoaders.  All heuristics have been exhausted.  Class could not be found.  Have you remembered to include the jjwt-impl.jar in your runtime classpath?
	at io.jsonwebtoken.lang.Classes.forName(Classes.java:90)
	at io.jsonwebtoken.security.Keys.<clinit>(Keys.java:37)
	... 82 common frames omitted
[[34m2024-06-25 17:22:02[0;39m [32mINFO [0;39mrestartedMain] [[33mcom.green.fefu.FefuApplication[0;39m] [[35mStarting FefuApplication using Java 17.0.10 with PID 7932 (D:\Students\BCH\backEnd\fefu\build\classes\java\main started by Administrator in D:\Students\BCH\backEnd\fefu)[0;39m]
[[34m2024-06-25 17:22:02[0;39m [32mINFO [0;39mrestartedMain] [[33mcom.green.fefu.FefuApplication[0;39m] [[35mNo active profile set, falling back to 1 default profile: "default"[0;39m]
[[34m2024-06-25 17:22:02[0;39m [32mINFO [0;39mrestartedMain] [[33morg.springframework.boot.devtools.env.DevToolsPropertyDefaultsPostProcessor[0;39m] [[35mDevtools property defaults active! Set 'spring.devtools.add-properties' to 'false' to disable[0;39m]
[[34m2024-06-25 17:22:02[0;39m [32mINFO [0;39mrestartedMain] [[33morg.springframework.boot.devtools.env.DevToolsPropertyDefaultsPostProcessor[0;39m] [[35mFor additional web related logging consider setting the 'logging.level.web' property to 'DEBUG'[0;39m]
[[34m2024-06-25 17:22:03[0;39m [32mINFO [0;39mrestartedMain] [[33morg.springframework.boot.web.embedded.tomcat.TomcatWebServer[0;39m] [[35mTomcat initialized with port 8080 (http)[0;39m]
[[34m2024-06-25 17:22:03[0;39m [32mINFO [0;39mrestartedMain] [[33morg.apache.coyote.http11.Http11NioProtocol[0;39m] [[35mInitializing ProtocolHandler ["http-nio-8080"][0;39m]
[[34m2024-06-25 17:22:03[0;39m [32mINFO [0;39mrestartedMain] [[33morg.apache.catalina.core.StandardService[0;39m] [[35mStarting service [Tomcat][0;39m]
[[34m2024-06-25 17:22:03[0;39m [32mINFO [0;39mrestartedMain] [[33morg.apache.catalina.core.StandardEngine[0;39m] [[35mStarting Servlet engine: [Apache Tomcat/10.1.25][0;39m]
[[34m2024-06-25 17:22:03[0;39m [32mINFO [0;39mrestartedMain] [[33morg.apache.catalina.core.ContainerBase.[Tomcat].[localhost].[/][0;39m] [[35mInitializing Spring embedded WebApplicationContext[0;39m]
[[34m2024-06-25 17:22:03[0;39m [32mINFO [0;39mrestartedMain] [[33morg.springframework.boot.web.servlet.context.ServletWebServerApplicationContext[0;39m] [[35mRoot WebApplicationContext: initialization completed in 1053 ms[0;39m]
[[34m2024-06-25 17:22:03[0;39m [31mERROR[0;39mrestartedMain] [[33morg.springframework.boot.web.embedded.tomcat.TomcatStarter[0;39m] [[35mError starting Tomcat context. Exception: org.springframework.beans.factory.UnsatisfiedDependencyException. Message: Error creating bean with name 'jwtAuthenticationFilter' defined in file [D:\Students\BCH\backEnd\fefu\build\classes\java\main\com\green\fefu\security\JwtAuthenticationFilter.class]: Unsatisfied dependency expressed through constructor parameter 0: Error creating bean with name 'jwtTokenProviderV2' defined in file [D:\Students\BCH\backEnd\fefu\build\classes\java\main\com\green\fefu\security\JwtTokenProviderV2.class]: Failed to instantiate [com.green.fefu.security.JwtTokenProviderV2]: Constructor threw exception[0;39m]
[[34m2024-06-25 17:22:03[0;39m [32mINFO [0;39mrestartedMain] [[33morg.apache.catalina.core.StandardService[0;39m] [[35mStopping service [Tomcat][0;39m]
[[34m2024-06-25 17:22:03[0;39m [33mWARN [0;39mrestartedMain] [[33morg.springframework.boot.web.servlet.context.AnnotationConfigServletWebServerApplicationContext[0;39m] [[35mException encountered during context initialization - cancelling refresh attempt: org.springframework.context.ApplicationContextException: Unable to start web server[0;39m]
[[34m2024-06-25 17:22:03[0;39m [32mINFO [0;39mrestartedMain] [[33morg.springframework.boot.autoconfigure.logging.ConditionEvaluationReportLogger[0;39m] [[35m

Error starting ApplicationContext. To display the condition evaluation report re-run your application with 'debug' enabled.[0;39m]
[[34m2024-06-25 17:22:03[0;39m [31mERROR[0;39mrestartedMain] [[33morg.springframework.boot.SpringApplication[0;39m] [[35mApplication run failed[0;39m]
org.springframework.context.ApplicationContextException: Unable to start web server
	at org.springframework.boot.web.servlet.context.ServletWebServerApplicationContext.onRefresh(ServletWebServerApplicationContext.java:165)
	at org.springframework.context.support.AbstractApplicationContext.refresh(AbstractApplicationContext.java:618)
	at org.springframework.boot.web.servlet.context.ServletWebServerApplicationContext.refresh(ServletWebServerApplicationContext.java:146)
	at org.springframework.boot.SpringApplication.refresh(SpringApplication.java:754)
	at org.springframework.boot.SpringApplication.refreshContext(SpringApplication.java:456)
	at org.springframework.boot.SpringApplication.run(SpringApplication.java:335)
	at org.springframework.boot.SpringApplication.run(SpringApplication.java:1363)
	at org.springframework.boot.SpringApplication.run(SpringApplication.java:1352)
	at com.green.fefu.FefuApplication.main(FefuApplication.java:12)
	at java.base/jdk.internal.reflect.NativeMethodAccessorImpl.invoke0(Native Method)
	at java.base/jdk.internal.reflect.NativeMethodAccessorImpl.invoke(NativeMethodAccessorImpl.java:77)
	at java.base/jdk.internal.reflect.DelegatingMethodAccessorImpl.invoke(DelegatingMethodAccessorImpl.java:43)
	at java.base/java.lang.reflect.Method.invoke(Method.java:568)
	at org.springframework.boot.devtools.restart.RestartLauncher.run(RestartLauncher.java:50)
Caused by: org.springframework.boot.web.server.WebServerException: Unable to start embedded Tomcat
	at org.springframework.boot.web.embedded.tomcat.TomcatWebServer.initialize(TomcatWebServer.java:147)
	at org.springframework.boot.web.embedded.tomcat.TomcatWebServer.<init>(TomcatWebServer.java:107)
	at org.springframework.boot.web.embedded.tomcat.TomcatServletWebServerFactory.getTomcatWebServer(TomcatServletWebServerFactory.java:516)
	at org.springframework.boot.web.embedded.tomcat.TomcatServletWebServerFactory.getWebServer(TomcatServletWebServerFactory.java:222)
	at org.springframework.boot.web.servlet.context.ServletWebServerApplicationContext.createWebServer(ServletWebServerApplicationContext.java:188)
	at org.springframework.boot.web.servlet.context.ServletWebServerApplicationContext.onRefresh(ServletWebServerApplicationContext.java:162)
	... 13 common frames omitted
Caused by: org.springframework.beans.factory.UnsatisfiedDependencyException: Error creating bean with name 'jwtAuthenticationFilter' defined in file [D:\Students\BCH\backEnd\fefu\build\classes\java\main\com\green\fefu\security\JwtAuthenticationFilter.class]: Unsatisfied dependency expressed through constructor parameter 0: Error creating bean with name 'jwtTokenProviderV2' defined in file [D:\Students\BCH\backEnd\fefu\build\classes\java\main\com\green\fefu\security\JwtTokenProviderV2.class]: Failed to instantiate [com.green.fefu.security.JwtTokenProviderV2]: Constructor threw exception
	at org.springframework.beans.factory.support.ConstructorResolver.createArgumentArray(ConstructorResolver.java:795)
	at org.springframework.beans.factory.support.ConstructorResolver.autowireConstructor(ConstructorResolver.java:237)
	at org.springframework.beans.factory.support.AbstractAutowireCapableBeanFactory.autowireConstructor(AbstractAutowireCapableBeanFactory.java:1357)
	at org.springframework.beans.factory.support.AbstractAutowireCapableBeanFactory.createBeanInstance(AbstractAutowireCapableBeanFactory.java:1194)
	at org.springframework.beans.factory.support.AbstractAutowireCapableBeanFactory.doCreateBean(AbstractAutowireCapableBeanFactory.java:562)
	at org.springframework.beans.factory.support.AbstractAutowireCapableBeanFactory.createBean(AbstractAutowireCapableBeanFactory.java:522)
	at org.springframework.beans.factory.support.AbstractBeanFactory.lambda$doGetBean$0(AbstractBeanFactory.java:337)
	at org.springframework.beans.factory.support.DefaultSingletonBeanRegistry.getSingleton(DefaultSingletonBeanRegistry.java:234)
	at org.springframework.beans.factory.support.AbstractBeanFactory.doGetBean(AbstractBeanFactory.java:335)
	at org.springframework.beans.factory.support.AbstractBeanFactory.getBean(AbstractBeanFactory.java:205)
	at org.springframework.boot.web.servlet.ServletContextInitializerBeans.getOrderedBeansOfType(ServletContextInitializerBeans.java:211)
	at org.springframework.boot.web.servlet.ServletContextInitializerBeans.addAsRegistrationBean(ServletContextInitializerBeans.java:174)
	at org.springframework.boot.web.servlet.ServletContextInitializerBeans.addAsRegistrationBean(ServletContextInitializerBeans.java:169)
	at org.springframework.boot.web.servlet.ServletContextInitializerBeans.addAdaptableBeans(ServletContextInitializerBeans.java:154)
	at org.springframework.boot.web.servlet.ServletContextInitializerBeans.<init>(ServletContextInitializerBeans.java:87)
	at org.springframework.boot.web.servlet.context.ServletWebServerApplicationContext.getServletContextInitializerBeans(ServletWebServerApplicationContext.java:266)
	at org.springframework.boot.web.servlet.context.ServletWebServerApplicationContext.selfInitialize(ServletWebServerApplicationContext.java:240)
	at org.springframework.boot.web.embedded.tomcat.TomcatStarter.onStartup(TomcatStarter.java:52)
	at org.apache.catalina.core.StandardContext.startInternal(StandardContext.java:4414)
	at org.apache.catalina.util.LifecycleBase.start(LifecycleBase.java:164)
	at org.apache.catalina.core.ContainerBase$StartChild.call(ContainerBase.java:1203)
	at org.apache.catalina.core.ContainerBase$StartChild.call(ContainerBase.java:1193)
	at java.base/java.util.concurrent.FutureTask.run(FutureTask.java:264)
	at org.apache.tomcat.util.threads.InlineExecutorService.execute(InlineExecutorService.java:75)
	at java.base/java.util.concurrent.AbstractExecutorService.submit(AbstractExecutorService.java:145)
	at org.apache.catalina.core.ContainerBase.startInternal(ContainerBase.java:749)
	at org.apache.catalina.core.StandardHost.startInternal(StandardHost.java:772)
	at org.apache.catalina.util.LifecycleBase.start(LifecycleBase.java:164)
	at org.apache.catalina.core.ContainerBase$StartChild.call(ContainerBase.java:1203)
	at org.apache.catalina.core.ContainerBase$StartChild.call(ContainerBase.java:1193)
	at java.base/java.util.concurrent.FutureTask.run(FutureTask.java:264)
	at org.apache.tomcat.util.threads.InlineExecutorService.execute(InlineExecutorService.java:75)
	at java.base/java.util.concurrent.AbstractExecutorService.submit(AbstractExecutorService.java:145)
	at org.apache.catalina.core.ContainerBase.startInternal(ContainerBase.java:749)
	at org.apache.catalina.core.StandardEngine.startInternal(StandardEngine.java:203)
	at org.apache.catalina.util.LifecycleBase.start(LifecycleBase.java:164)
	at org.apache.catalina.core.StandardService.startInternal(StandardService.java:415)
	at org.apache.catalina.util.LifecycleBase.start(LifecycleBase.java:164)
	at org.apache.catalina.core.StandardServer.startInternal(StandardServer.java:874)
	at org.apache.catalina.util.LifecycleBase.start(LifecycleBase.java:164)
	at org.apache.catalina.startup.Tomcat.start(Tomcat.java:437)
	at org.springframework.boot.web.embedded.tomcat.TomcatWebServer.initialize(TomcatWebServer.java:128)
	... 18 common frames omitted
Caused by: org.springframework.beans.factory.BeanCreationException: Error creating bean with name 'jwtTokenProviderV2' defined in file [D:\Students\BCH\backEnd\fefu\build\classes\java\main\com\green\fefu\security\JwtTokenProviderV2.class]: Failed to instantiate [com.green.fefu.security.JwtTokenProviderV2]: Constructor threw exception
	at org.springframework.beans.factory.support.ConstructorResolver.instantiate(ConstructorResolver.java:318)
	at org.springframework.beans.factory.support.ConstructorResolver.autowireConstructor(ConstructorResolver.java:306)
	at org.springframework.beans.factory.support.AbstractAutowireCapableBeanFactory.autowireConstructor(AbstractAutowireCapableBeanFactory.java:1357)
	at org.springframework.beans.factory.support.AbstractAutowireCapableBeanFactory.createBeanInstance(AbstractAutowireCapableBeanFactory.java:1194)
	at org.springframework.beans.factory.support.AbstractAutowireCapableBeanFactory.doCreateBean(AbstractAutowireCapableBeanFactory.java:562)
	at org.springframework.beans.factory.support.AbstractAutowireCapableBeanFactory.createBean(AbstractAutowireCapableBeanFactory.java:522)
	at org.springframework.beans.factory.support.AbstractBeanFactory.lambda$doGetBean$0(AbstractBeanFactory.java:337)
	at org.springframework.beans.factory.support.DefaultSingletonBeanRegistry.getSingleton(DefaultSingletonBeanRegistry.java:234)
	at org.springframework.beans.factory.support.AbstractBeanFactory.doGetBean(AbstractBeanFactory.java:335)
	at org.springframework.beans.factory.support.AbstractBeanFactory.getBean(AbstractBeanFactory.java:200)
	at org.springframework.beans.factory.config.DependencyDescriptor.resolveCandidate(DependencyDescriptor.java:254)
	at org.springframework.beans.factory.support.DefaultListableBeanFactory.doResolveDependency(DefaultListableBeanFactory.java:1443)
	at org.springframework.beans.factory.support.DefaultListableBeanFactory.resolveDependency(DefaultListableBeanFactory.java:1353)
	at org.springframework.beans.factory.support.ConstructorResolver.resolveAutowiredArgument(ConstructorResolver.java:904)
	at org.springframework.beans.factory.support.ConstructorResolver.createArgumentArray(ConstructorResolver.java:782)
	... 59 common frames omitted
Caused by: org.springframework.beans.BeanInstantiationException: Failed to instantiate [com.green.fefu.security.JwtTokenProviderV2]: Constructor threw exception
	at org.springframework.beans.BeanUtils.instantiateClass(BeanUtils.java:221)
	at org.springframework.beans.factory.support.SimpleInstantiationStrategy.instantiate(SimpleInstantiationStrategy.java:111)
	at org.springframework.beans.factory.support.ConstructorResolver.instantiate(ConstructorResolver.java:315)
	... 73 common frames omitted
Caused by: java.lang.ExceptionInInitializerError: null
	at com.green.fefu.security.JwtTokenProviderV2.<init>(JwtTokenProviderV2.java:30)
	at java.base/jdk.internal.reflect.NativeConstructorAccessorImpl.newInstance0(Native Method)
	at java.base/jdk.internal.reflect.NativeConstructorAccessorImpl.newInstance(NativeConstructorAccessorImpl.java:77)
	at java.base/jdk.internal.reflect.DelegatingConstructorAccessorImpl.newInstance(DelegatingConstructorAccessorImpl.java:45)
	at java.base/java.lang.reflect.Constructor.newInstanceWithCaller(Constructor.java:499)
	at java.base/java.lang.reflect.Constructor.newInstance(Constructor.java:480)
	at org.springframework.beans.BeanUtils.instantiateClass(BeanUtils.java:208)
	... 75 common frames omitted
Caused by: io.jsonwebtoken.lang.UnknownClassException: Unable to load class named [io.jsonwebtoken.impl.security.KeysBridge] from the thread context, current, or system/application ClassLoaders.  All heuristics have been exhausted.  Class could not be found.  Have you remembered to include the jjwt-impl.jar in your runtime classpath?
	at io.jsonwebtoken.lang.Classes.forName(Classes.java:90)
	at io.jsonwebtoken.security.Keys.<clinit>(Keys.java:37)
	... 82 common frames omitted
[[34m2024-06-25 17:22:42[0;39m [32mINFO [0;39mrestartedMain] [[33mcom.green.fefu.FefuApplication[0;39m] [[35mStarting FefuApplication using Java 17.0.10 with PID 13364 (D:\Students\BCH\backEnd\fefu\build\classes\java\main started by Administrator in D:\Students\BCH\backEnd\fefu)[0;39m]
[[34m2024-06-25 17:22:42[0;39m [32mINFO [0;39mrestartedMain] [[33mcom.green.fefu.FefuApplication[0;39m] [[35mNo active profile set, falling back to 1 default profile: "default"[0;39m]
[[34m2024-06-25 17:22:42[0;39m [32mINFO [0;39mrestartedMain] [[33morg.springframework.boot.devtools.env.DevToolsPropertyDefaultsPostProcessor[0;39m] [[35mDevtools property defaults active! Set 'spring.devtools.add-properties' to 'false' to disable[0;39m]
[[34m2024-06-25 17:22:42[0;39m [32mINFO [0;39mrestartedMain] [[33morg.springframework.boot.devtools.env.DevToolsPropertyDefaultsPostProcessor[0;39m] [[35mFor additional web related logging consider setting the 'logging.level.web' property to 'DEBUG'[0;39m]
[[34m2024-06-25 17:22:43[0;39m [32mINFO [0;39mrestartedMain] [[33morg.springframework.boot.web.embedded.tomcat.TomcatWebServer[0;39m] [[35mTomcat initialized with port 8080 (http)[0;39m]
[[34m2024-06-25 17:22:43[0;39m [32mINFO [0;39mrestartedMain] [[33morg.apache.coyote.http11.Http11NioProtocol[0;39m] [[35mInitializing ProtocolHandler ["http-nio-8080"][0;39m]
[[34m2024-06-25 17:22:43[0;39m [32mINFO [0;39mrestartedMain] [[33morg.apache.catalina.core.StandardService[0;39m] [[35mStarting service [Tomcat][0;39m]
[[34m2024-06-25 17:22:43[0;39m [32mINFO [0;39mrestartedMain] [[33morg.apache.catalina.core.StandardEngine[0;39m] [[35mStarting Servlet engine: [Apache Tomcat/10.1.25][0;39m]
[[34m2024-06-25 17:22:43[0;39m [32mINFO [0;39mrestartedMain] [[33morg.apache.catalina.core.ContainerBase.[Tomcat].[localhost].[/][0;39m] [[35mInitializing Spring embedded WebApplicationContext[0;39m]
[[34m2024-06-25 17:22:43[0;39m [32mINFO [0;39mrestartedMain] [[33morg.springframework.boot.web.servlet.context.ServletWebServerApplicationContext[0;39m] [[35mRoot WebApplicationContext: initialization completed in 1013 ms[0;39m]
[[34m2024-06-25 17:22:43[0;39m [31mERROR[0;39mrestartedMain] [[33morg.springframework.boot.web.embedded.tomcat.TomcatStarter[0;39m] [[35mError starting Tomcat context. Exception: org.springframework.beans.factory.UnsatisfiedDependencyException. Message: Error creating bean with name 'jwtAuthenticationFilter' defined in file [D:\Students\BCH\backEnd\fefu\build\classes\java\main\com\green\fefu\security\JwtAuthenticationFilter.class]: Unsatisfied dependency expressed through constructor parameter 0: Error creating bean with name 'jwtTokenProviderV2' defined in file [D:\Students\BCH\backEnd\fefu\build\classes\java\main\com\green\fefu\security\JwtTokenProviderV2.class]: Failed to instantiate [com.green.fefu.security.JwtTokenProviderV2]: Constructor threw exception[0;39m]
[[34m2024-06-25 17:22:43[0;39m [32mINFO [0;39mrestartedMain] [[33morg.apache.catalina.core.StandardService[0;39m] [[35mStopping service [Tomcat][0;39m]
[[34m2024-06-25 17:22:43[0;39m [33mWARN [0;39mrestartedMain] [[33morg.springframework.boot.web.servlet.context.AnnotationConfigServletWebServerApplicationContext[0;39m] [[35mException encountered during context initialization - cancelling refresh attempt: org.springframework.context.ApplicationContextException: Unable to start web server[0;39m]
[[34m2024-06-25 17:22:43[0;39m [32mINFO [0;39mrestartedMain] [[33morg.springframework.boot.autoconfigure.logging.ConditionEvaluationReportLogger[0;39m] [[35m

Error starting ApplicationContext. To display the condition evaluation report re-run your application with 'debug' enabled.[0;39m]
[[34m2024-06-25 17:22:43[0;39m [31mERROR[0;39mrestartedMain] [[33morg.springframework.boot.SpringApplication[0;39m] [[35mApplication run failed[0;39m]
org.springframework.context.ApplicationContextException: Unable to start web server
	at org.springframework.boot.web.servlet.context.ServletWebServerApplicationContext.onRefresh(ServletWebServerApplicationContext.java:165)
	at org.springframework.context.support.AbstractApplicationContext.refresh(AbstractApplicationContext.java:618)
	at org.springframework.boot.web.servlet.context.ServletWebServerApplicationContext.refresh(ServletWebServerApplicationContext.java:146)
	at org.springframework.boot.SpringApplication.refresh(SpringApplication.java:754)
	at org.springframework.boot.SpringApplication.refreshContext(SpringApplication.java:456)
	at org.springframework.boot.SpringApplication.run(SpringApplication.java:335)
	at org.springframework.boot.SpringApplication.run(SpringApplication.java:1363)
	at org.springframework.boot.SpringApplication.run(SpringApplication.java:1352)
	at com.green.fefu.FefuApplication.main(FefuApplication.java:12)
	at java.base/jdk.internal.reflect.NativeMethodAccessorImpl.invoke0(Native Method)
	at java.base/jdk.internal.reflect.NativeMethodAccessorImpl.invoke(NativeMethodAccessorImpl.java:77)
	at java.base/jdk.internal.reflect.DelegatingMethodAccessorImpl.invoke(DelegatingMethodAccessorImpl.java:43)
	at java.base/java.lang.reflect.Method.invoke(Method.java:568)
	at org.springframework.boot.devtools.restart.RestartLauncher.run(RestartLauncher.java:50)
Caused by: org.springframework.boot.web.server.WebServerException: Unable to start embedded Tomcat
	at org.springframework.boot.web.embedded.tomcat.TomcatWebServer.initialize(TomcatWebServer.java:147)
	at org.springframework.boot.web.embedded.tomcat.TomcatWebServer.<init>(TomcatWebServer.java:107)
	at org.springframework.boot.web.embedded.tomcat.TomcatServletWebServerFactory.getTomcatWebServer(TomcatServletWebServerFactory.java:516)
	at org.springframework.boot.web.embedded.tomcat.TomcatServletWebServerFactory.getWebServer(TomcatServletWebServerFactory.java:222)
	at org.springframework.boot.web.servlet.context.ServletWebServerApplicationContext.createWebServer(ServletWebServerApplicationContext.java:188)
	at org.springframework.boot.web.servlet.context.ServletWebServerApplicationContext.onRefresh(ServletWebServerApplicationContext.java:162)
	... 13 common frames omitted
Caused by: org.springframework.beans.factory.UnsatisfiedDependencyException: Error creating bean with name 'jwtAuthenticationFilter' defined in file [D:\Students\BCH\backEnd\fefu\build\classes\java\main\com\green\fefu\security\JwtAuthenticationFilter.class]: Unsatisfied dependency expressed through constructor parameter 0: Error creating bean with name 'jwtTokenProviderV2' defined in file [D:\Students\BCH\backEnd\fefu\build\classes\java\main\com\green\fefu\security\JwtTokenProviderV2.class]: Failed to instantiate [com.green.fefu.security.JwtTokenProviderV2]: Constructor threw exception
	at org.springframework.beans.factory.support.ConstructorResolver.createArgumentArray(ConstructorResolver.java:795)
	at org.springframework.beans.factory.support.ConstructorResolver.autowireConstructor(ConstructorResolver.java:237)
	at org.springframework.beans.factory.support.AbstractAutowireCapableBeanFactory.autowireConstructor(AbstractAutowireCapableBeanFactory.java:1357)
	at org.springframework.beans.factory.support.AbstractAutowireCapableBeanFactory.createBeanInstance(AbstractAutowireCapableBeanFactory.java:1194)
	at org.springframework.beans.factory.support.AbstractAutowireCapableBeanFactory.doCreateBean(AbstractAutowireCapableBeanFactory.java:562)
	at org.springframework.beans.factory.support.AbstractAutowireCapableBeanFactory.createBean(AbstractAutowireCapableBeanFactory.java:522)
	at org.springframework.beans.factory.support.AbstractBeanFactory.lambda$doGetBean$0(AbstractBeanFactory.java:337)
	at org.springframework.beans.factory.support.DefaultSingletonBeanRegistry.getSingleton(DefaultSingletonBeanRegistry.java:234)
	at org.springframework.beans.factory.support.AbstractBeanFactory.doGetBean(AbstractBeanFactory.java:335)
	at org.springframework.beans.factory.support.AbstractBeanFactory.getBean(AbstractBeanFactory.java:205)
	at org.springframework.boot.web.servlet.ServletContextInitializerBeans.getOrderedBeansOfType(ServletContextInitializerBeans.java:211)
	at org.springframework.boot.web.servlet.ServletContextInitializerBeans.addAsRegistrationBean(ServletContextInitializerBeans.java:174)
	at org.springframework.boot.web.servlet.ServletContextInitializerBeans.addAsRegistrationBean(ServletContextInitializerBeans.java:169)
	at org.springframework.boot.web.servlet.ServletContextInitializerBeans.addAdaptableBeans(ServletContextInitializerBeans.java:154)
	at org.springframework.boot.web.servlet.ServletContextInitializerBeans.<init>(ServletContextInitializerBeans.java:87)
	at org.springframework.boot.web.servlet.context.ServletWebServerApplicationContext.getServletContextInitializerBeans(ServletWebServerApplicationContext.java:266)
	at org.springframework.boot.web.servlet.context.ServletWebServerApplicationContext.selfInitialize(ServletWebServerApplicationContext.java:240)
	at org.springframework.boot.web.embedded.tomcat.TomcatStarter.onStartup(TomcatStarter.java:52)
	at org.apache.catalina.core.StandardContext.startInternal(StandardContext.java:4414)
	at org.apache.catalina.util.LifecycleBase.start(LifecycleBase.java:164)
	at org.apache.catalina.core.ContainerBase$StartChild.call(ContainerBase.java:1203)
	at org.apache.catalina.core.ContainerBase$StartChild.call(ContainerBase.java:1193)
	at java.base/java.util.concurrent.FutureTask.run(FutureTask.java:264)
	at org.apache.tomcat.util.threads.InlineExecutorService.execute(InlineExecutorService.java:75)
	at java.base/java.util.concurrent.AbstractExecutorService.submit(AbstractExecutorService.java:145)
	at org.apache.catalina.core.ContainerBase.startInternal(ContainerBase.java:749)
	at org.apache.catalina.core.StandardHost.startInternal(StandardHost.java:772)
	at org.apache.catalina.util.LifecycleBase.start(LifecycleBase.java:164)
	at org.apache.catalina.core.ContainerBase$StartChild.call(ContainerBase.java:1203)
	at org.apache.catalina.core.ContainerBase$StartChild.call(ContainerBase.java:1193)
	at java.base/java.util.concurrent.FutureTask.run(FutureTask.java:264)
	at org.apache.tomcat.util.threads.InlineExecutorService.execute(InlineExecutorService.java:75)
	at java.base/java.util.concurrent.AbstractExecutorService.submit(AbstractExecutorService.java:145)
	at org.apache.catalina.core.ContainerBase.startInternal(ContainerBase.java:749)
	at org.apache.catalina.core.StandardEngine.startInternal(StandardEngine.java:203)
	at org.apache.catalina.util.LifecycleBase.start(LifecycleBase.java:164)
	at org.apache.catalina.core.StandardService.startInternal(StandardService.java:415)
	at org.apache.catalina.util.LifecycleBase.start(LifecycleBase.java:164)
	at org.apache.catalina.core.StandardServer.startInternal(StandardServer.java:874)
	at org.apache.catalina.util.LifecycleBase.start(LifecycleBase.java:164)
	at org.apache.catalina.startup.Tomcat.start(Tomcat.java:437)
	at org.springframework.boot.web.embedded.tomcat.TomcatWebServer.initialize(TomcatWebServer.java:128)
	... 18 common frames omitted
Caused by: org.springframework.beans.factory.BeanCreationException: Error creating bean with name 'jwtTokenProviderV2' defined in file [D:\Students\BCH\backEnd\fefu\build\classes\java\main\com\green\fefu\security\JwtTokenProviderV2.class]: Failed to instantiate [com.green.fefu.security.JwtTokenProviderV2]: Constructor threw exception
	at org.springframework.beans.factory.support.ConstructorResolver.instantiate(ConstructorResolver.java:318)
	at org.springframework.beans.factory.support.ConstructorResolver.autowireConstructor(ConstructorResolver.java:306)
	at org.springframework.beans.factory.support.AbstractAutowireCapableBeanFactory.autowireConstructor(AbstractAutowireCapableBeanFactory.java:1357)
	at org.springframework.beans.factory.support.AbstractAutowireCapableBeanFactory.createBeanInstance(AbstractAutowireCapableBeanFactory.java:1194)
	at org.springframework.beans.factory.support.AbstractAutowireCapableBeanFactory.doCreateBean(AbstractAutowireCapableBeanFactory.java:562)
	at org.springframework.beans.factory.support.AbstractAutowireCapableBeanFactory.createBean(AbstractAutowireCapableBeanFactory.java:522)
	at org.springframework.beans.factory.support.AbstractBeanFactory.lambda$doGetBean$0(AbstractBeanFactory.java:337)
	at org.springframework.beans.factory.support.DefaultSingletonBeanRegistry.getSingleton(DefaultSingletonBeanRegistry.java:234)
	at org.springframework.beans.factory.support.AbstractBeanFactory.doGetBean(AbstractBeanFactory.java:335)
	at org.springframework.beans.factory.support.AbstractBeanFactory.getBean(AbstractBeanFactory.java:200)
	at org.springframework.beans.factory.config.DependencyDescriptor.resolveCandidate(DependencyDescriptor.java:254)
	at org.springframework.beans.factory.support.DefaultListableBeanFactory.doResolveDependency(DefaultListableBeanFactory.java:1443)
	at org.springframework.beans.factory.support.DefaultListableBeanFactory.resolveDependency(DefaultListableBeanFactory.java:1353)
	at org.springframework.beans.factory.support.ConstructorResolver.resolveAutowiredArgument(ConstructorResolver.java:904)
	at org.springframework.beans.factory.support.ConstructorResolver.createArgumentArray(ConstructorResolver.java:782)
	... 59 common frames omitted
Caused by: org.springframework.beans.BeanInstantiationException: Failed to instantiate [com.green.fefu.security.JwtTokenProviderV2]: Constructor threw exception
	at org.springframework.beans.BeanUtils.instantiateClass(BeanUtils.java:221)
	at org.springframework.beans.factory.support.SimpleInstantiationStrategy.instantiate(SimpleInstantiationStrategy.java:111)
	at org.springframework.beans.factory.support.ConstructorResolver.instantiate(ConstructorResolver.java:315)
	... 73 common frames omitted
Caused by: java.lang.ExceptionInInitializerError: null
	at com.green.fefu.security.JwtTokenProviderV2.<init>(JwtTokenProviderV2.java:30)
	at java.base/jdk.internal.reflect.NativeConstructorAccessorImpl.newInstance0(Native Method)
	at java.base/jdk.internal.reflect.NativeConstructorAccessorImpl.newInstance(NativeConstructorAccessorImpl.java:77)
	at java.base/jdk.internal.reflect.DelegatingConstructorAccessorImpl.newInstance(DelegatingConstructorAccessorImpl.java:45)
	at java.base/java.lang.reflect.Constructor.newInstanceWithCaller(Constructor.java:499)
	at java.base/java.lang.reflect.Constructor.newInstance(Constructor.java:480)
	at org.springframework.beans.BeanUtils.instantiateClass(BeanUtils.java:208)
	... 75 common frames omitted
Caused by: io.jsonwebtoken.lang.UnknownClassException: Unable to load class named [io.jsonwebtoken.impl.security.KeysBridge] from the thread context, current, or system/application ClassLoaders.  All heuristics have been exhausted.  Class could not be found.  Have you remembered to include the jjwt-impl.jar in your runtime classpath?
	at io.jsonwebtoken.lang.Classes.forName(Classes.java:90)
	at io.jsonwebtoken.security.Keys.<clinit>(Keys.java:37)
	... 82 common frames omitted
[[34m2024-06-25 17:29:01[0;39m [32mINFO [0;39mrestartedMain] [[33mcom.green.fefu.FefuApplication[0;39m] [[35mStarting FefuApplication using Java 17.0.10 with PID 6864 (D:\Students\BCH\backEnd\fefu\build\classes\java\main started by Administrator in D:\Students\BCH\backEnd\fefu)[0;39m]
[[34m2024-06-25 17:29:01[0;39m [32mINFO [0;39mrestartedMain] [[33mcom.green.fefu.FefuApplication[0;39m] [[35mNo active profile set, falling back to 1 default profile: "default"[0;39m]
[[34m2024-06-25 17:29:01[0;39m [32mINFO [0;39mrestartedMain] [[33morg.springframework.boot.devtools.env.DevToolsPropertyDefaultsPostProcessor[0;39m] [[35mDevtools property defaults active! Set 'spring.devtools.add-properties' to 'false' to disable[0;39m]
[[34m2024-06-25 17:29:01[0;39m [32mINFO [0;39mrestartedMain] [[33morg.springframework.boot.devtools.env.DevToolsPropertyDefaultsPostProcessor[0;39m] [[35mFor additional web related logging consider setting the 'logging.level.web' property to 'DEBUG'[0;39m]
[[34m2024-06-25 17:29:02[0;39m [32mINFO [0;39mrestartedMain] [[33morg.springframework.boot.web.embedded.tomcat.TomcatWebServer[0;39m] [[35mTomcat initialized with port 8080 (http)[0;39m]
[[34m2024-06-25 17:29:02[0;39m [32mINFO [0;39mrestartedMain] [[33morg.apache.coyote.http11.Http11NioProtocol[0;39m] [[35mInitializing ProtocolHandler ["http-nio-8080"][0;39m]
[[34m2024-06-25 17:29:02[0;39m [32mINFO [0;39mrestartedMain] [[33morg.apache.catalina.core.StandardService[0;39m] [[35mStarting service [Tomcat][0;39m]
[[34m2024-06-25 17:29:02[0;39m [32mINFO [0;39mrestartedMain] [[33morg.apache.catalina.core.StandardEngine[0;39m] [[35mStarting Servlet engine: [Apache Tomcat/10.1.25][0;39m]
[[34m2024-06-25 17:29:02[0;39m [32mINFO [0;39mrestartedMain] [[33morg.apache.catalina.core.ContainerBase.[Tomcat].[localhost].[/][0;39m] [[35mInitializing Spring embedded WebApplicationContext[0;39m]
[[34m2024-06-25 17:29:02[0;39m [32mINFO [0;39mrestartedMain] [[33morg.springframework.boot.web.servlet.context.ServletWebServerApplicationContext[0;39m] [[35mRoot WebApplicationContext: initialization completed in 1009 ms[0;39m]
[[34m2024-06-25 17:29:02[0;39m [31mERROR[0;39mrestartedMain] [[33morg.springframework.boot.web.embedded.tomcat.TomcatStarter[0;39m] [[35mError starting Tomcat context. Exception: org.springframework.beans.factory.UnsatisfiedDependencyException. Message: Error creating bean with name 'jwtAuthenticationFilter' defined in file [D:\Students\BCH\backEnd\fefu\build\classes\java\main\com\green\fefu\security\JwtAuthenticationFilter.class]: Unsatisfied dependency expressed through constructor parameter 0: Error creating bean with name 'jwtTokenProviderV2' defined in file [D:\Students\BCH\backEnd\fefu\build\classes\java\main\com\green\fefu\security\JwtTokenProviderV2.class]: Failed to instantiate [com.green.fefu.security.JwtTokenProviderV2]: Constructor threw exception[0;39m]
[[34m2024-06-25 17:29:02[0;39m [32mINFO [0;39mrestartedMain] [[33morg.apache.catalina.core.StandardService[0;39m] [[35mStopping service [Tomcat][0;39m]
[[34m2024-06-25 17:29:02[0;39m [33mWARN [0;39mrestartedMain] [[33morg.springframework.boot.web.servlet.context.AnnotationConfigServletWebServerApplicationContext[0;39m] [[35mException encountered during context initialization - cancelling refresh attempt: org.springframework.context.ApplicationContextException: Unable to start web server[0;39m]
[[34m2024-06-25 17:29:02[0;39m [32mINFO [0;39mrestartedMain] [[33morg.springframework.boot.autoconfigure.logging.ConditionEvaluationReportLogger[0;39m] [[35m

Error starting ApplicationContext. To display the condition evaluation report re-run your application with 'debug' enabled.[0;39m]
[[34m2024-06-25 17:29:02[0;39m [31mERROR[0;39mrestartedMain] [[33morg.springframework.boot.SpringApplication[0;39m] [[35mApplication run failed[0;39m]
org.springframework.context.ApplicationContextException: Unable to start web server
	at org.springframework.boot.web.servlet.context.ServletWebServerApplicationContext.onRefresh(ServletWebServerApplicationContext.java:165)
	at org.springframework.context.support.AbstractApplicationContext.refresh(AbstractApplicationContext.java:618)
	at org.springframework.boot.web.servlet.context.ServletWebServerApplicationContext.refresh(ServletWebServerApplicationContext.java:146)
	at org.springframework.boot.SpringApplication.refresh(SpringApplication.java:754)
	at org.springframework.boot.SpringApplication.refreshContext(SpringApplication.java:456)
	at org.springframework.boot.SpringApplication.run(SpringApplication.java:335)
	at org.springframework.boot.SpringApplication.run(SpringApplication.java:1363)
	at org.springframework.boot.SpringApplication.run(SpringApplication.java:1352)
	at com.green.fefu.FefuApplication.main(FefuApplication.java:12)
	at java.base/jdk.internal.reflect.NativeMethodAccessorImpl.invoke0(Native Method)
	at java.base/jdk.internal.reflect.NativeMethodAccessorImpl.invoke(NativeMethodAccessorImpl.java:77)
	at java.base/jdk.internal.reflect.DelegatingMethodAccessorImpl.invoke(DelegatingMethodAccessorImpl.java:43)
	at java.base/java.lang.reflect.Method.invoke(Method.java:568)
	at org.springframework.boot.devtools.restart.RestartLauncher.run(RestartLauncher.java:50)
Caused by: org.springframework.boot.web.server.WebServerException: Unable to start embedded Tomcat
	at org.springframework.boot.web.embedded.tomcat.TomcatWebServer.initialize(TomcatWebServer.java:147)
	at org.springframework.boot.web.embedded.tomcat.TomcatWebServer.<init>(TomcatWebServer.java:107)
	at org.springframework.boot.web.embedded.tomcat.TomcatServletWebServerFactory.getTomcatWebServer(TomcatServletWebServerFactory.java:516)
	at org.springframework.boot.web.embedded.tomcat.TomcatServletWebServerFactory.getWebServer(TomcatServletWebServerFactory.java:222)
	at org.springframework.boot.web.servlet.context.ServletWebServerApplicationContext.createWebServer(ServletWebServerApplicationContext.java:188)
	at org.springframework.boot.web.servlet.context.ServletWebServerApplicationContext.onRefresh(ServletWebServerApplicationContext.java:162)
	... 13 common frames omitted
Caused by: org.springframework.beans.factory.UnsatisfiedDependencyException: Error creating bean with name 'jwtAuthenticationFilter' defined in file [D:\Students\BCH\backEnd\fefu\build\classes\java\main\com\green\fefu\security\JwtAuthenticationFilter.class]: Unsatisfied dependency expressed through constructor parameter 0: Error creating bean with name 'jwtTokenProviderV2' defined in file [D:\Students\BCH\backEnd\fefu\build\classes\java\main\com\green\fefu\security\JwtTokenProviderV2.class]: Failed to instantiate [com.green.fefu.security.JwtTokenProviderV2]: Constructor threw exception
	at org.springframework.beans.factory.support.ConstructorResolver.createArgumentArray(ConstructorResolver.java:795)
	at org.springframework.beans.factory.support.ConstructorResolver.autowireConstructor(ConstructorResolver.java:237)
	at org.springframework.beans.factory.support.AbstractAutowireCapableBeanFactory.autowireConstructor(AbstractAutowireCapableBeanFactory.java:1357)
	at org.springframework.beans.factory.support.AbstractAutowireCapableBeanFactory.createBeanInstance(AbstractAutowireCapableBeanFactory.java:1194)
	at org.springframework.beans.factory.support.AbstractAutowireCapableBeanFactory.doCreateBean(AbstractAutowireCapableBeanFactory.java:562)
	at org.springframework.beans.factory.support.AbstractAutowireCapableBeanFactory.createBean(AbstractAutowireCapableBeanFactory.java:522)
	at org.springframework.beans.factory.support.AbstractBeanFactory.lambda$doGetBean$0(AbstractBeanFactory.java:337)
	at org.springframework.beans.factory.support.DefaultSingletonBeanRegistry.getSingleton(DefaultSingletonBeanRegistry.java:234)
	at org.springframework.beans.factory.support.AbstractBeanFactory.doGetBean(AbstractBeanFactory.java:335)
	at org.springframework.beans.factory.support.AbstractBeanFactory.getBean(AbstractBeanFactory.java:205)
	at org.springframework.boot.web.servlet.ServletContextInitializerBeans.getOrderedBeansOfType(ServletContextInitializerBeans.java:211)
	at org.springframework.boot.web.servlet.ServletContextInitializerBeans.addAsRegistrationBean(ServletContextInitializerBeans.java:174)
	at org.springframework.boot.web.servlet.ServletContextInitializerBeans.addAsRegistrationBean(ServletContextInitializerBeans.java:169)
	at org.springframework.boot.web.servlet.ServletContextInitializerBeans.addAdaptableBeans(ServletContextInitializerBeans.java:154)
	at org.springframework.boot.web.servlet.ServletContextInitializerBeans.<init>(ServletContextInitializerBeans.java:87)
	at org.springframework.boot.web.servlet.context.ServletWebServerApplicationContext.getServletContextInitializerBeans(ServletWebServerApplicationContext.java:266)
	at org.springframework.boot.web.servlet.context.ServletWebServerApplicationContext.selfInitialize(ServletWebServerApplicationContext.java:240)
	at org.springframework.boot.web.embedded.tomcat.TomcatStarter.onStartup(TomcatStarter.java:52)
	at org.apache.catalina.core.StandardContext.startInternal(StandardContext.java:4414)
	at org.apache.catalina.util.LifecycleBase.start(LifecycleBase.java:164)
	at org.apache.catalina.core.ContainerBase$StartChild.call(ContainerBase.java:1203)
	at org.apache.catalina.core.ContainerBase$StartChild.call(ContainerBase.java:1193)
	at java.base/java.util.concurrent.FutureTask.run(FutureTask.java:264)
	at org.apache.tomcat.util.threads.InlineExecutorService.execute(InlineExecutorService.java:75)
	at java.base/java.util.concurrent.AbstractExecutorService.submit(AbstractExecutorService.java:145)
	at org.apache.catalina.core.ContainerBase.startInternal(ContainerBase.java:749)
	at org.apache.catalina.core.StandardHost.startInternal(StandardHost.java:772)
	at org.apache.catalina.util.LifecycleBase.start(LifecycleBase.java:164)
	at org.apache.catalina.core.ContainerBase$StartChild.call(ContainerBase.java:1203)
	at org.apache.catalina.core.ContainerBase$StartChild.call(ContainerBase.java:1193)
	at java.base/java.util.concurrent.FutureTask.run(FutureTask.java:264)
	at org.apache.tomcat.util.threads.InlineExecutorService.execute(InlineExecutorService.java:75)
	at java.base/java.util.concurrent.AbstractExecutorService.submit(AbstractExecutorService.java:145)
	at org.apache.catalina.core.ContainerBase.startInternal(ContainerBase.java:749)
	at org.apache.catalina.core.StandardEngine.startInternal(StandardEngine.java:203)
	at org.apache.catalina.util.LifecycleBase.start(LifecycleBase.java:164)
	at org.apache.catalina.core.StandardService.startInternal(StandardService.java:415)
	at org.apache.catalina.util.LifecycleBase.start(LifecycleBase.java:164)
	at org.apache.catalina.core.StandardServer.startInternal(StandardServer.java:874)
	at org.apache.catalina.util.LifecycleBase.start(LifecycleBase.java:164)
	at org.apache.catalina.startup.Tomcat.start(Tomcat.java:437)
	at org.springframework.boot.web.embedded.tomcat.TomcatWebServer.initialize(TomcatWebServer.java:128)
	... 18 common frames omitted
Caused by: org.springframework.beans.factory.BeanCreationException: Error creating bean with name 'jwtTokenProviderV2' defined in file [D:\Students\BCH\backEnd\fefu\build\classes\java\main\com\green\fefu\security\JwtTokenProviderV2.class]: Failed to instantiate [com.green.fefu.security.JwtTokenProviderV2]: Constructor threw exception
	at org.springframework.beans.factory.support.ConstructorResolver.instantiate(ConstructorResolver.java:318)
	at org.springframework.beans.factory.support.ConstructorResolver.autowireConstructor(ConstructorResolver.java:306)
	at org.springframework.beans.factory.support.AbstractAutowireCapableBeanFactory.autowireConstructor(AbstractAutowireCapableBeanFactory.java:1357)
	at org.springframework.beans.factory.support.AbstractAutowireCapableBeanFactory.createBeanInstance(AbstractAutowireCapableBeanFactory.java:1194)
	at org.springframework.beans.factory.support.AbstractAutowireCapableBeanFactory.doCreateBean(AbstractAutowireCapableBeanFactory.java:562)
	at org.springframework.beans.factory.support.AbstractAutowireCapableBeanFactory.createBean(AbstractAutowireCapableBeanFactory.java:522)
	at org.springframework.beans.factory.support.AbstractBeanFactory.lambda$doGetBean$0(AbstractBeanFactory.java:337)
	at org.springframework.beans.factory.support.DefaultSingletonBeanRegistry.getSingleton(DefaultSingletonBeanRegistry.java:234)
	at org.springframework.beans.factory.support.AbstractBeanFactory.doGetBean(AbstractBeanFactory.java:335)
	at org.springframework.beans.factory.support.AbstractBeanFactory.getBean(AbstractBeanFactory.java:200)
	at org.springframework.beans.factory.config.DependencyDescriptor.resolveCandidate(DependencyDescriptor.java:254)
	at org.springframework.beans.factory.support.DefaultListableBeanFactory.doResolveDependency(DefaultListableBeanFactory.java:1443)
	at org.springframework.beans.factory.support.DefaultListableBeanFactory.resolveDependency(DefaultListableBeanFactory.java:1353)
	at org.springframework.beans.factory.support.ConstructorResolver.resolveAutowiredArgument(ConstructorResolver.java:904)
	at org.springframework.beans.factory.support.ConstructorResolver.createArgumentArray(ConstructorResolver.java:782)
	... 59 common frames omitted
Caused by: org.springframework.beans.BeanInstantiationException: Failed to instantiate [com.green.fefu.security.JwtTokenProviderV2]: Constructor threw exception
	at org.springframework.beans.BeanUtils.instantiateClass(BeanUtils.java:221)
	at org.springframework.beans.factory.support.SimpleInstantiationStrategy.instantiate(SimpleInstantiationStrategy.java:111)
	at org.springframework.beans.factory.support.ConstructorResolver.instantiate(ConstructorResolver.java:315)
	... 73 common frames omitted
Caused by: java.lang.ExceptionInInitializerError: null
	at com.green.fefu.security.JwtTokenProviderV2.<init>(JwtTokenProviderV2.java:30)
	at java.base/jdk.internal.reflect.NativeConstructorAccessorImpl.newInstance0(Native Method)
	at java.base/jdk.internal.reflect.NativeConstructorAccessorImpl.newInstance(NativeConstructorAccessorImpl.java:77)
	at java.base/jdk.internal.reflect.DelegatingConstructorAccessorImpl.newInstance(DelegatingConstructorAccessorImpl.java:45)
	at java.base/java.lang.reflect.Constructor.newInstanceWithCaller(Constructor.java:499)
	at java.base/java.lang.reflect.Constructor.newInstance(Constructor.java:480)
	at org.springframework.beans.BeanUtils.instantiateClass(BeanUtils.java:208)
	... 75 common frames omitted
Caused by: io.jsonwebtoken.lang.UnknownClassException: Unable to load class named [io.jsonwebtoken.impl.security.KeysBridge] from the thread context, current, or system/application ClassLoaders.  All heuristics have been exhausted.  Class could not be found.  Have you remembered to include the jjwt-impl.jar in your runtime classpath?
	at io.jsonwebtoken.lang.Classes.forName(Classes.java:90)
	at io.jsonwebtoken.security.Keys.<clinit>(Keys.java:37)
	... 82 common frames omitted
[[34m2024-06-25 17:33:51[0;39m [32mINFO [0;39mrestartedMain] [[33mcom.green.fefu.FefuApplication[0;39m] [[35mStarting FefuApplication using Java 17.0.10 with PID 13700 (D:\Students\BCH\backEnd\fefu\build\classes\java\main started by Administrator in D:\Students\BCH\backEnd\fefu)[0;39m]
[[34m2024-06-25 17:33:51[0;39m [32mINFO [0;39mrestartedMain] [[33mcom.green.fefu.FefuApplication[0;39m] [[35mNo active profile set, falling back to 1 default profile: "default"[0;39m]
[[34m2024-06-25 17:33:51[0;39m [32mINFO [0;39mrestartedMain] [[33morg.springframework.boot.devtools.env.DevToolsPropertyDefaultsPostProcessor[0;39m] [[35mDevtools property defaults active! Set 'spring.devtools.add-properties' to 'false' to disable[0;39m]
[[34m2024-06-25 17:33:51[0;39m [32mINFO [0;39mrestartedMain] [[33morg.springframework.boot.devtools.env.DevToolsPropertyDefaultsPostProcessor[0;39m] [[35mFor additional web related logging consider setting the 'logging.level.web' property to 'DEBUG'[0;39m]
[[34m2024-06-25 17:33:52[0;39m [32mINFO [0;39mrestartedMain] [[33morg.springframework.boot.web.embedded.tomcat.TomcatWebServer[0;39m] [[35mTomcat initialized with port 8080 (http)[0;39m]
[[34m2024-06-25 17:33:52[0;39m [32mINFO [0;39mrestartedMain] [[33morg.apache.coyote.http11.Http11NioProtocol[0;39m] [[35mInitializing ProtocolHandler ["http-nio-8080"][0;39m]
[[34m2024-06-25 17:33:52[0;39m [32mINFO [0;39mrestartedMain] [[33morg.apache.catalina.core.StandardService[0;39m] [[35mStarting service [Tomcat][0;39m]
[[34m2024-06-25 17:33:52[0;39m [32mINFO [0;39mrestartedMain] [[33morg.apache.catalina.core.StandardEngine[0;39m] [[35mStarting Servlet engine: [Apache Tomcat/10.1.25][0;39m]
[[34m2024-06-25 17:33:52[0;39m [32mINFO [0;39mrestartedMain] [[33morg.apache.catalina.core.ContainerBase.[Tomcat].[localhost].[/][0;39m] [[35mInitializing Spring embedded WebApplicationContext[0;39m]
[[34m2024-06-25 17:33:52[0;39m [32mINFO [0;39mrestartedMain] [[33morg.springframework.boot.web.servlet.context.ServletWebServerApplicationContext[0;39m] [[35mRoot WebApplicationContext: initialization completed in 1036 ms[0;39m]
[[34m2024-06-25 17:33:53[0;39m [33mWARN [0;39mrestartedMain] [[33morg.springframework.boot.autoconfigure.security.servlet.UserDetailsServiceAutoConfiguration[0;39m] [[35m

Using generated security password: 37990d88-499a-4098-83ad-86f7876e8600

This generated password is for development use only. Your security configuration must be updated before running your application in production.
[0;39m]
[[34m2024-06-25 17:33:53[0;39m [32mINFO [0;39mrestartedMain] [[33morg.springframework.security.config.annotation.authentication.configuration.InitializeUserDetailsBeanManagerConfigurer$InitializeUserDetailsManagerConfigurer[0;39m] [[35mGlobal AuthenticationManager configured with UserDetailsService bean with name inMemoryUserDetailsManager[0;39m]
[[34m2024-06-25 17:33:53[0;39m [32mINFO [0;39mrestartedMain] [[33morg.springframework.boot.actuate.endpoint.web.EndpointLinksResolver[0;39m] [[35mExposing 1 endpoint beneath base path '/actuator'[0;39m]
[[34m2024-06-25 17:33:53[0;39m [32mINFO [0;39mrestartedMain] [[33morg.springframework.boot.devtools.autoconfigure.OptionalLiveReloadServer[0;39m] [[35mLiveReload server is running on port 35729[0;39m]
[[34m2024-06-25 17:33:53[0;39m [32mINFO [0;39mrestartedMain] [[33morg.apache.coyote.http11.Http11NioProtocol[0;39m] [[35mStarting ProtocolHandler ["http-nio-8080"][0;39m]
[[34m2024-06-25 17:33:53[0;39m [32mINFO [0;39mrestartedMain] [[33morg.springframework.boot.web.embedded.tomcat.TomcatWebServer[0;39m] [[35mTomcat started on port 8080 (http) with context path '/'[0;39m]
[[34m2024-06-25 17:33:53[0;39m [32mINFO [0;39mrestartedMain] [[33mcom.green.fefu.FefuApplication[0;39m] [[35mStarted FefuApplication in 2.189 seconds (process running for 2.593)[0;39m]
[[34m2024-06-25 17:33:54[0;39m [32mINFO [0;39mRMI TCP Connection(4)-192.168.0.45] [[33morg.apache.catalina.core.ContainerBase.[Tomcat].[localhost].[/][0;39m] [[35mInitializing Spring DispatcherServlet 'dispatcherServlet'[0;39m]
[[34m2024-06-25 17:33:54[0;39m [32mINFO [0;39mRMI TCP Connection(4)-192.168.0.45] [[33morg.springframework.web.servlet.DispatcherServlet[0;39m] [[35mInitializing Servlet 'dispatcherServlet'[0;39m]
[[34m2024-06-25 17:33:54[0;39m [32mINFO [0;39mRMI TCP Connection(4)-192.168.0.45] [[33morg.springframework.web.servlet.DispatcherServlet[0;39m] [[35mCompleted initialization in 1 ms[0;39m]
[[34m2024-06-25 17:33:54[0;39m [32mINFO [0;39mRMI TCP Connection(3)-192.168.0.45] [[33mcom.zaxxer.hikari.HikariDataSource[0;39m] [[35mHikariPool-1 - Starting...[0;39m]
[[34m2024-06-25 17:33:54[0;39m [32mINFO [0;39mRMI TCP Connection(3)-192.168.0.45] [[33mcom.zaxxer.hikari.pool.HikariPool[0;39m] [[35mHikariPool-1 - Added connection net.sf.log4jdbc.sql.jdbcapi.ConnectionSpy@6e1bc1d0[0;39m]
[[34m2024-06-25 17:33:54[0;39m [32mINFO [0;39mRMI TCP Connection(3)-192.168.0.45] [[33mcom.zaxxer.hikari.HikariDataSource[0;39m] [[35mHikariPool-1 - Start completed.[0;39m]
[[34m2024-06-25 17:34:02[0;39m [32mINFO [0;39mhttp-nio-8080-exec-1] [[33mcom.green.fefu.security.JwtAuthenticationFilter[0;39m] [[35mJwtAuthenticationFilter - Token: null[0;39m]
[[34m2024-06-25 17:34:03[0;39m [32mINFO [0;39mhttp-nio-8080-exec-2] [[33mcom.green.fefu.security.JwtAuthenticationFilter[0;39m] [[35mJwtAuthenticationFilter - Token: null[0;39m]
[[34m2024-06-25 17:34:03[0;39m [32mINFO [0;39mhttp-nio-8080-exec-5] [[33mcom.green.fefu.security.JwtAuthenticationFilter[0;39m] [[35mJwtAuthenticationFilter - Token: null[0;39m]
[[34m2024-06-25 17:34:03[0;39m [32mINFO [0;39mhttp-nio-8080-exec-7] [[33mcom.green.fefu.security.JwtAuthenticationFilter[0;39m] [[35mJwtAuthenticationFilter - Token: null[0;39m]
[[34m2024-06-25 17:34:03[0;39m [32mINFO [0;39mhttp-nio-8080-exec-9] [[33mcom.green.fefu.security.JwtAuthenticationFilter[0;39m] [[35mJwtAuthenticationFilter - Token: null[0;39m]
[[34m2024-06-25 17:34:03[0;39m [32mINFO [0;39mhttp-nio-8080-exec-4] [[33mcom.green.fefu.security.JwtAuthenticationFilter[0;39m] [[35mJwtAuthenticationFilter - Token: null[0;39m]
[[34m2024-06-25 17:34:03[0;39m [32mINFO [0;39mhttp-nio-8080-exec-6] [[33mcom.green.fefu.security.JwtAuthenticationFilter[0;39m] [[35mJwtAuthenticationFilter - Token: null[0;39m]
[[34m2024-06-25 17:34:03[0;39m [32mINFO [0;39mhttp-nio-8080-exec-8] [[33mcom.green.fefu.security.JwtAuthenticationFilter[0;39m] [[35mJwtAuthenticationFilter - Token: null[0;39m]
[[34m2024-06-25 17:34:03[0;39m [32mINFO [0;39mhttp-nio-8080-exec-3] [[33mcom.green.fefu.security.JwtAuthenticationFilter[0;39m] [[35mJwtAuthenticationFilter - Token: null[0;39m]
[[34m2024-06-25 17:34:03[0;39m [32mINFO [0;39mhttp-nio-8080-exec-10] [[33mcom.green.fefu.security.JwtAuthenticationFilter[0;39m] [[35mJwtAuthenticationFilter - Token: null[0;39m]
[[34m2024-06-25 17:34:03[0;39m [32mINFO [0;39mhttp-nio-8080-exec-10] [[33morg.springdoc.api.AbstractOpenApiResource[0;39m] [[35mInit duration for springdoc-openapi is: 103 ms[0;39m]
[[34m2024-06-25 17:42:32[0;39m [32mINFO [0;39mSpringApplicationShutdownHook] [[33mcom.zaxxer.hikari.HikariDataSource[0;39m] [[35mHikariPool-1 - Shutdown initiated...[0;39m]
[[34m2024-06-25 17:42:32[0;39m [32mINFO [0;39mSpringApplicationShutdownHook] [[33mcom.zaxxer.hikari.HikariDataSource[0;39m] [[35mHikariPool-1 - Shutdown completed.[0;39m]
